Build started 3/8/2016 11:13:02 AM.
     1>Project "H:\GitHub\Team-Project-Newcastle\GameTechCW\ncltech\ncltech.vcxproj" on node 2 (Build target(s)).
     1>ClCompile:
         C:\Program Files (x86)\Microsoft Visual Studio 12.0\VC\bin\CL.exe /c /ZI /nologo /W3 /WX- /sdl /Od /Oy- /D _MBCS /Gm /EHsc /RTC1 /MDd /GS /fp:precise /Zc:wchar_t /Zc:forScope /Fo"Debug\\" /Fd"Debug\vc120.pdb" /Gd /TP /analyze- /errorReport:prompt ActionHandler.cpp ArbitraryAI.cpp AssetsManager.cpp CollisionDetection.cpp Constraint.cpp CuboidCollisionShape.cpp GameObjectMag.cpp GuardState.cpp HomeState.cpp NCLDebug.cpp GameObject.cpp Hull.cpp Manifold.cpp OffState.cpp PhysicsEngine.cpp PhysicsObject.cpp Player.cpp PyramidCollisionShape.cpp Scene.cpp SimpleMeshObject.cpp SphereCollisionShape.cpp
         SphereCollisionShape.cpp
         SimpleMeshObject.cpp
         Scene.cpp
         PyramidCollisionShape.cpp
         Player.cpp
         PhysicsObject.cpp
         PhysicsEngine.cpp
         OffState.cpp
         Manifold.cpp
         Hull.cpp
         GameObject.cpp
         NCLDebug.cpp
         HomeState.cpp
         GuardState.cpp
         GameObjectMag.cpp
     1>h:\github\team-project-newcastle\gametechcw\ncltech\gameobjectmag.cpp(24): warning C4244: 'argument' : conversion from 'float' to 'int', possible loss of data
         CuboidCollisionShape.cpp
         Constraint.cpp
         CollisionDetection.cpp
         AssetsManager.cpp
         ArbitraryAI.cpp
         Generating Code...
     1>h:\github\team-project-newcastle\gametechcw\ncltech\physicsengine.cpp(332): warning C4715: 'PhysicsEngine::OctreeCheck' : not all control paths return a value
         Compiling...
         ActionHandler.cpp
     1>h:\github\team-project-newcastle\gametechcw\ncltech\actionhandler.cpp : fatal error C1041: cannot open program database 'h:\github\team-project-newcastle\gametechcw\ncltech\debug\vc120.idb'; if multiple CL.EXE write to the same .PDB file, please use /FS
         Generating Code...
     1>cl : Command line warning D9028: minimal rebuild failure, reverting to normal build
     1>Done Building Project "H:\GitHub\Team-Project-Newcastle\GameTechCW\ncltech\ncltech.vcxproj" (Build target(s)) -- FAILED.

Build FAILED.

Time Elapsed 00:00:16.87
