Build started 2/24/2016 2:31:48 PM.
     1>Project "D:\GIthub\Team-Project-Newcastle\GameTechCW\PS4\GraphicsSkeleton.vcxproj" on node 2 (Build target(s)).
     1>C:\Program Files (x86)\MSBuild\Microsoft.Cpp\v4.0\V120\BuildCustomizations\OrbisWavePsslc.targets(34,5): warning : Unsupported file suffix on item: SkyboxPixel.pssl
     1>C:\Program Files (x86)\MSBuild\Microsoft.Cpp\v4.0\V120\BuildCustomizations\OrbisWavePsslc.targets(34,5): warning : Unsupported file suffix on item: SkyboxVertex.pssl
     1>C:\Program Files (x86)\MSBuild\Microsoft.Cpp\v4.0\V120\BuildCustomizations\OrbisWavePsslc.targets(35,5): error : Found unsupported file suffix on a shader file.
     1>Done Building Project "D:\GIthub\Team-Project-Newcastle\GameTechCW\PS4\GraphicsSkeleton.vcxproj" (Build target(s)) -- FAILED.

Build FAILED.

Time Elapsed 00:00:00.01
